<?xml version="1.0" encoding="UTF-8"?>
<testsuite name="Realizar pruebas backend API jsonplaceholder.typicode.com" tests="3" skipped="0" failures="0" errors="0" timestamp="2023-06-05T15:55:25" hostname="Hervins-MacBook-Pro.local" time="5.938">
  <properties/>
  <testcase name="Consultar por id y validar el statusCode" classname="Realizar pruebas backend API jsonplaceholder.typicode.com" time="4.836"/>
  <testcase name="Actualizar por id y validar el statusCode" classname="Realizar pruebas backend API jsonplaceholder.typicode.com" time="0.596"/>
  <testcase name="Crear titulo y validar el statusCode" classname="Realizar pruebas backend API jsonplaceholder.typicode.com" time="0.506"/>
  <system-out><![CDATA[]]></system-out>
  <system-err><![CDATA[[Test worker] INFO  - 
  _____   ___   ___   _____     ___   _____     _     ___   _____   ___   ___  
 |_   _| | __| / __| |_   _|   / __| |_   _|   /_\   | _ \ |_   _| | __| |   \ 
   | |   | _|  \__ \   | |     \__ \   | |    / _ \  |   /   | |   | _|  | |) |
   |_|   |___| |___/   |_|     |___/   |_|   /_/ \_\ |_|_\   |_|   |___| |___/ 

Consultar por id y validar el statusCode(realizar-pruebas-backend-api-jsonplaceholder.typicode.com;consultar-por-id-y-validar-el-statuscode)
--------------------------------------------------------------------------------
[Test worker] INFO  - 
  _____   ___   ___   _____     ___     _     ___   ___   ___   ___  
 |_   _| | __| / __| |_   _|   | _ \   /_\   / __| / __| | __| |   \ 
   | |   | _|  \__ \   | |     |  _/  / _ \  \__ \ \__ \ | _|  | |) |
   |_|   |___| |___/   |_|     |_|   /_/ \_\ |___/ |___/ |___| |___/ 

Consultar por id y validar el statusCode
----------------------------------------------------------------------
[Test worker] INFO  - 
  _____   ___   ___   _____     ___   _____     _     ___   _____   ___   ___  
 |_   _| | __| / __| |_   _|   / __| |_   _|   /_\   | _ \ |_   _| | __| |   \ 
   | |   | _|  \__ \   | |     \__ \   | |    / _ \  |   /   | |   | _|  | |) |
   |_|   |___| |___/   |_|     |___/   |_|   /_/ \_\ |_|_\   |_|   |___| |___/ 

Actualizar por id y validar el statusCode(realizar-pruebas-backend-api-jsonplaceholder.typicode.com;actualizar-por-id-y-validar-el-statuscode)
--------------------------------------------------------------------------------
[Test worker] INFO  - 
  _____   ___   ___   _____     ___     _     ___   ___   ___   ___  
 |_   _| | __| / __| |_   _|   | _ \   /_\   / __| / __| | __| |   \ 
   | |   | _|  \__ \   | |     |  _/  / _ \  \__ \ \__ \ | _|  | |) |
   |_|   |___| |___/   |_|     |_|   /_/ \_\ |___/ |___/ |___| |___/ 

Actualizar por id y validar el statusCode
----------------------------------------------------------------------
[Test worker] INFO  - 
  _____   ___   ___   _____     ___   _____     _     ___   _____   ___   ___  
 |_   _| | __| / __| |_   _|   / __| |_   _|   /_\   | _ \ |_   _| | __| |   \ 
   | |   | _|  \__ \   | |     \__ \   | |    / _ \  |   /   | |   | _|  | |) |
   |_|   |___| |___/   |_|     |___/   |_|   /_/ \_\ |_|_\   |_|   |___| |___/ 

Crear titulo y validar el statusCode(realizar-pruebas-backend-api-jsonplaceholder.typicode.com;crear-titulo-y-validar-el-statuscode)
--------------------------------------------------------------------------------
[Test worker] INFO  - 
  _____   ___   ___   _____     ___     _     ___   ___   ___   ___  
 |_   _| | __| / __| |_   _|   | _ \   /_\   / __| / __| | __| |   \ 
   | |   | _|  \__ \   | |     |  _/  / _ \  \__ \ \__ \ | _|  | |) |
   |_|   |___| |___/   |_|     |_|   /_/ \_\ |___/ |___/ |___| |___/ 

Crear titulo y validar el statusCode
----------------------------------------------------------------------
]]></system-err>
</testsuite>
